<?xml version="1.0" encoding="UTF-8"?>
<!-- Generated by org.testng.reporters.JUnitXMLReporter -->
<testsuite hostname="LAPTOP-F0RLLNS7" ignored="0" name="Test" tests="1" failures="1" timestamp="20 Jan 2022 09:12:00 GMT" time="30.898" errors="0">
  <testcase name="a1" time="30.656" classname="org.datadriven.TestClass">
    <failure type="org.openqa.selenium.SessionNotCreatedException" message="session not created: This version of ChromeDriver only supports Chrome version 98
Current browser version is 97.0.4692.71 with binary path C:\Program Files\Google\Chrome\Application\chrome.exe
Build info: version: &amp;apos;3.141.59&amp;apos;, revision: &amp;apos;e82be7d358&amp;apos;, time: &amp;apos;2018-11-14T08:17:03&amp;apos;
System info: host: &amp;apos;LAPTOP-F0RLLNS7&amp;apos;, ip: &amp;apos;192.168.1.34&amp;apos;, os.name: &amp;apos;Windows 10&amp;apos;, os.arch: &amp;apos;amd64&amp;apos;, os.version: &amp;apos;10.0&amp;apos;, java.version: &amp;apos;1.8.0_231&amp;apos;
Driver info: driver.version: ChromeDriver
remote stacktrace: Backtrace:
	Ordinal0 [0x0061A0A3+2597027]
	Ordinal0 [0x005ABA61+2144865]
	Ordinal0 [0x004A3C58+1064024]
	Ordinal0 [0x004C3708+1193736]
	Ordinal0 [0x004BF585+1176965]
	Ordinal0 [0x004BCD41+1166657]
	Ordinal0 [0x004ED23F+1364543]
	Ordinal0 [0x004ECE6A+1363562]
	Ordinal0 [0x004E85C6+1344966]
	Ordinal0 [0x004C54C6+1201350]
	Ordinal0 [0x004C63B6+1205174]
	GetHandleVerifier [0x007C10A2+1681842]
	GetHandleVerifier [0x00873B0C+2413596]
	GetHandleVerifier [0x006B1221+568113]
	GetHandleVerifier [0x006AFFA3+563379]
	Ordinal0 [0x005B174E+2168654]
	Ordinal0 [0x005B6538+2188600]
	Ordinal0 [0x005B6680+2188928]
	Ordinal0 [0x005C030C+2229004]
	BaseThreadInitThunk [0x7607FA29+25]
	RtlGetAppContainerNamedObjectPath [0x77007A9E+286]
	RtlGetAppContainerNamedObjectPath [0x77007A6E+238]
">
      <![CDATA[org.openqa.selenium.SessionNotCreatedException: session not created: This version of ChromeDriver only supports Chrome version 98
Current browser version is 97.0.4692.71 with binary path C:\Program Files\Google\Chrome\Application\chrome.exe
Build info: version: '3.141.59', revision: 'e82be7d358', time: '2018-11-14T08:17:03'
System info: host: 'LAPTOP-F0RLLNS7', ip: '192.168.1.34', os.name: 'Windows 10', os.arch: 'amd64', os.version: '10.0', java.version: '1.8.0_231'
Driver info: driver.version: ChromeDriver
remote stacktrace: Backtrace:
	Ordinal0 [0x0061A0A3+2597027]
	Ordinal0 [0x005ABA61+2144865]
	Ordinal0 [0x004A3C58+1064024]
	Ordinal0 [0x004C3708+1193736]
	Ordinal0 [0x004BF585+1176965]
	Ordinal0 [0x004BCD41+1166657]
	Ordinal0 [0x004ED23F+1364543]
	Ordinal0 [0x004ECE6A+1363562]
	Ordinal0 [0x004E85C6+1344966]
	Ordinal0 [0x004C54C6+1201350]
	Ordinal0 [0x004C63B6+1205174]
	GetHandleVerifier [0x007C10A2+1681842]
	GetHandleVerifier [0x00873B0C+2413596]
	GetHandleVerifier [0x006B1221+568113]
	GetHandleVerifier [0x006AFFA3+563379]
	Ordinal0 [0x005B174E+2168654]
	Ordinal0 [0x005B6538+2188600]
	Ordinal0 [0x005B6680+2188928]
	Ordinal0 [0x005C030C+2229004]
	BaseThreadInitThunk [0x7607FA29+25]
	RtlGetAppContainerNamedObjectPath [0x77007A9E+286]
	RtlGetAppContainerNamedObjectPath [0x77007A6E+238]

	at org.openqa.selenium.remote.W3CHandshakeResponse.lambda$errorHandler$0(W3CHandshakeResponse.java:62)
	at org.openqa.selenium.remote.HandshakeResponse.lambda$getResponseFunction$0(HandshakeResponse.java:30)
	at org.openqa.selenium.remote.ProtocolHandshake.lambda$createSession$0(ProtocolHandshake.java:126)
	at java.util.stream.ReferencePipeline$3$1.accept(Unknown Source)
	at java.util.Spliterators$ArraySpliterator.tryAdvance(Unknown Source)
	at java.util.stream.ReferencePipeline.forEachWithCancel(Unknown Source)
	at java.util.stream.AbstractPipeline.copyIntoWithCancel(Unknown Source)
	at java.util.stream.AbstractPipeline.copyInto(Unknown Source)
	at java.util.stream.AbstractPipeline.wrapAndCopyInto(Unknown Source)
	at java.util.stream.FindOps$FindOp.evaluateSequential(Unknown Source)
	at java.util.stream.AbstractPipeline.evaluate(Unknown Source)
	at java.util.stream.ReferencePipeline.findFirst(Unknown Source)
	at org.openqa.selenium.remote.ProtocolHandshake.createSession(ProtocolHandshake.java:128)
	at org.openqa.selenium.remote.ProtocolHandshake.createSession(ProtocolHandshake.java:74)
	at org.openqa.selenium.remote.HttpCommandExecutor.execute(HttpCommandExecutor.java:136)
	at org.openqa.selenium.remote.service.DriverCommandExecutor.execute(DriverCommandExecutor.java:83)
	at org.openqa.selenium.remote.RemoteWebDriver.execute(RemoteWebDriver.java:552)
	at org.openqa.selenium.remote.RemoteWebDriver.startSession(RemoteWebDriver.java:213)
	at org.openqa.selenium.remote.RemoteWebDriver.<init>(RemoteWebDriver.java:131)
	at org.openqa.selenium.chrome.ChromeDriver.<init>(ChromeDriver.java:181)
	at org.openqa.selenium.chrome.ChromeDriver.<init>(ChromeDriver.java:168)
	at org.openqa.selenium.chrome.ChromeDriver.<init>(ChromeDriver.java:123)
	at org.datadriven.TestClass.a1(TestClass.java:19)
... Removed 29 stack frames]]>
    </failure>
  </testcase> <!-- a1 -->
</testsuite> <!-- Test -->
